  [1m[35m (0.1ms)[0m  [1m[34mSELECT sqlite_version(*)[0m
  ↳ bin/rails:9
  [1m[35m (4.5ms)[0m  [1m[35mCREATE TABLE "schema_migrations" ("version" varchar NOT NULL PRIMARY KEY)[0m
  ↳ bin/rails:9
  [1m[35m (4.1ms)[0m  [1m[35mCREATE TABLE "ar_internal_metadata" ("key" varchar NOT NULL PRIMARY KEY, "value" varchar, "created_at" datetime NOT NULL, "updated_at" datetime NOT NULL)[0m
  ↳ bin/rails:9
  [1m[35m (0.1ms)[0m  [1m[34mSELECT "schema_migrations"."version" FROM "schema_migrations" ORDER BY "schema_migrations"."version" ASC[0m
  ↳ bin/rails:9
Migrating to DeviseCreatePublicCustomers (20210615080230)
  [1m[35m (0.0ms)[0m  [1m[36mbegin transaction[0m
  ↳ bin/rails:9
  [1m[35m (0.3ms)[0m  [1m[35mCREATE TABLE "public_customers" ("id" integer PRIMARY KEY AUTOINCREMENT NOT NULL, "email" varchar DEFAULT '' NOT NULL, "encrypted_password" varchar DEFAULT '' NOT NULL, "reset_password_token" varchar, "reset_password_sent_at" datetime, "remember_created_at" datetime, "first_name" varchar, "last_name" varchar, "kana_first_name" varchar, "kana_last_name" varchar, "postal_code" varchar, "residence" varchar, "phone_number" varchar, "is_valid" boolean DEFAULT 0, "created_at" datetime NOT NULL, "updated_at" datetime NOT NULL)[0m
  ↳ db/migrate/20210615080230_devise_create_public_customers.rb:5
  [1m[35m (0.2ms)[0m  [1m[35mCREATE UNIQUE INDEX "index_public_customers_on_email" ON "public_customers" ("email")[0m
  ↳ db/migrate/20210615080230_devise_create_public_customers.rb:47
  [1m[35m (0.1ms)[0m  [1m[35mCREATE UNIQUE INDEX "index_public_customers_on_reset_password_token" ON "public_customers" ("reset_password_token")[0m
  ↳ db/migrate/20210615080230_devise_create_public_customers.rb:48
  [1m[36mActiveRecord::SchemaMigration Create (0.1ms)[0m  [1m[32mINSERT INTO "schema_migrations" ("version") VALUES (?)[0m  [["version", "20210615080230"]]
  ↳ bin/rails:9
  [1m[35m (3.7ms)[0m  [1m[36mcommit transaction[0m
  ↳ bin/rails:9
Migrating to CreateCartItems (20210615081356)
  [1m[35m (0.0ms)[0m  [1m[36mbegin transaction[0m
  ↳ bin/rails:9
  [1m[35m (0.3ms)[0m  [1m[35mCREATE TABLE "cart_items" ("id" integer PRIMARY KEY AUTOINCREMENT NOT NULL, "customer_id" integer, "product_id" integer, "quantity" integer, "created_at" datetime NOT NULL, "updated_at" datetime NOT NULL)[0m
  ↳ db/migrate/20210615081356_create_cart_items.rb:3
  [1m[36mActiveRecord::SchemaMigration Create (0.1ms)[0m  [1m[32mINSERT INTO "schema_migrations" ("version") VALUES (?)[0m  [["version", "20210615081356"]]
  ↳ bin/rails:9
  [1m[35m (3.7ms)[0m  [1m[36mcommit transaction[0m
  ↳ bin/rails:9
Migrating to CreateOrders (20210615081417)
  [1m[35m (0.0ms)[0m  [1m[36mbegin transaction[0m
  ↳ bin/rails:9
  [1m[35m (0.3ms)[0m  [1m[35mCREATE TABLE "orders" ("id" integer PRIMARY KEY AUTOINCREMENT NOT NULL, "customer_id" integer, "payment_method" integer DEFAULT 0, "postcode" varchar, "address" varchar, "name" varchar, "postage" integer DEFAULT 800, "total_price" varchar, "status" integer DEFAULT 0, "created_at" datetime NOT NULL, "updated_at" datetime NOT NULL)[0m
  ↳ db/migrate/20210615081417_create_orders.rb:3
  [1m[36mActiveRecord::SchemaMigration Create (0.1ms)[0m  [1m[32mINSERT INTO "schema_migrations" ("version") VALUES (?)[0m  [["version", "20210615081417"]]
  ↳ bin/rails:9
  [1m[35m (3.7ms)[0m  [1m[36mcommit transaction[0m
  ↳ bin/rails:9
Migrating to CreateOrderedProducts (20210615081434)
  [1m[35m (0.0ms)[0m  [1m[36mbegin transaction[0m
  ↳ bin/rails:9
  [1m[35m (0.3ms)[0m  [1m[35mCREATE TABLE "ordered_products" ("id" integer PRIMARY KEY AUTOINCREMENT NOT NULL, "order_id" integer, "product_id" integer, "quantity" integer, "production_status" integer DEFAULT 0, "purchase_price" integer, "created_at" datetime NOT NULL, "updated_at" datetime NOT NULL)[0m
  ↳ db/migrate/20210615081434_create_ordered_products.rb:3
  [1m[36mActiveRecord::SchemaMigration Create (0.1ms)[0m  [1m[32mINSERT INTO "schema_migrations" ("version") VALUES (?)[0m  [["version", "20210615081434"]]
  ↳ bin/rails:9
  [1m[35m (3.9ms)[0m  [1m[36mcommit transaction[0m
  ↳ bin/rails:9
Migrating to CreateProducts (20210615081447)
  [1m[35m (0.0ms)[0m  [1m[36mbegin transaction[0m
  ↳ bin/rails:9
  [1m[35m (0.3ms)[0m  [1m[35mCREATE TABLE "products" ("id" integer PRIMARY KEY AUTOINCREMENT NOT NULL, "genre_id" integer, "name" varchar, "image_id" varchar, "description" text, "price" integer, "status" boolean DEFAULT 1, "created_at" datetime NOT NULL, "updated_at" datetime NOT NULL)[0m
  ↳ db/migrate/20210615081447_create_products.rb:3
  [1m[36mActiveRecord::SchemaMigration Create (0.1ms)[0m  [1m[32mINSERT INTO "schema_migrations" ("version") VALUES (?)[0m  [["version", "20210615081447"]]
  ↳ bin/rails:9
  [1m[35m (4.3ms)[0m  [1m[36mcommit transaction[0m
  ↳ bin/rails:9
Migrating to CreateDeliveries (20210615081516)
  [1m[35m (0.0ms)[0m  [1m[36mbegin transaction[0m
  ↳ bin/rails:9
  [1m[35m (0.3ms)[0m  [1m[35mCREATE TABLE "deliveries" ("id" integer PRIMARY KEY AUTOINCREMENT NOT NULL, "customer_id" integer, "name" varchar, "postcode" varchar, "address" varchar, "created_at" datetime NOT NULL, "updated_at" datetime NOT NULL)[0m
  ↳ db/migrate/20210615081516_create_deliveries.rb:3
  [1m[36mActiveRecord::SchemaMigration Create (0.1ms)[0m  [1m[32mINSERT INTO "schema_migrations" ("version") VALUES (?)[0m  [["version", "20210615081516"]]
  ↳ bin/rails:9
  [1m[35m (4.0ms)[0m  [1m[36mcommit transaction[0m
  ↳ bin/rails:9
Migrating to CreateGenres (20210615081528)
  [1m[35m (0.0ms)[0m  [1m[36mbegin transaction[0m
  ↳ bin/rails:9
  [1m[35m (0.3ms)[0m  [1m[35mCREATE TABLE "genres" ("id" integer PRIMARY KEY AUTOINCREMENT NOT NULL, "name" varchar, "created_at" datetime NOT NULL, "updated_at" datetime NOT NULL)[0m
  ↳ db/migrate/20210615081528_create_genres.rb:3
  [1m[36mActiveRecord::SchemaMigration Create (0.1ms)[0m  [1m[32mINSERT INTO "schema_migrations" ("version") VALUES (?)[0m  [["version", "20210615081528"]]
  ↳ bin/rails:9
  [1m[35m (3.9ms)[0m  [1m[36mcommit transaction[0m
  ↳ bin/rails:9
Migrating to DeviseCreateAdmins (20210616081140)
  [1m[35m (0.0ms)[0m  [1m[36mbegin transaction[0m
  ↳ bin/rails:9
  [1m[35m (0.3ms)[0m  [1m[35mCREATE TABLE "admins" ("id" integer PRIMARY KEY AUTOINCREMENT NOT NULL, "email" varchar DEFAULT '' NOT NULL, "encrypted_password" varchar DEFAULT '' NOT NULL, "reset_password_token" varchar, "reset_password_sent_at" datetime, "remember_created_at" datetime, "created_at" datetime NOT NULL, "updated_at" datetime NOT NULL)[0m
  ↳ db/migrate/20210616081140_devise_create_admins.rb:5
  [1m[35m (0.2ms)[0m  [1m[35mCREATE UNIQUE INDEX "index_admins_on_email" ON "admins" ("email")[0m
  ↳ db/migrate/20210616081140_devise_create_admins.rb:39
  [1m[35m (0.1ms)[0m  [1m[35mCREATE UNIQUE INDEX "index_admins_on_reset_password_token" ON "admins" ("reset_password_token")[0m
  ↳ db/migrate/20210616081140_devise_create_admins.rb:40
  [1m[36mActiveRecord::SchemaMigration Create (0.1ms)[0m  [1m[32mINSERT INTO "schema_migrations" ("version") VALUES (?)[0m  [["version", "20210616081140"]]
  ↳ bin/rails:9
  [1m[35m (4.1ms)[0m  [1m[36mcommit transaction[0m
  ↳ bin/rails:9
Migrating to AddDeviseToAdmins (20210616094621)
  [1m[35m (0.1ms)[0m  [1m[36mbegin transaction[0m
  ↳ bin/rails:9
  [1m[36mActiveRecord::SchemaMigration Create (0.2ms)[0m  [1m[32mINSERT INTO "schema_migrations" ("version") VALUES (?)[0m  [["version", "20210616094621"]]
  ↳ bin/rails:9
  [1m[35m (3.0ms)[0m  [1m[36mcommit transaction[0m
  ↳ bin/rails:9
Migrating to ChangePublicCustomersToCustomers (20210619055149)
  [1m[35m (0.0ms)[0m  [1m[36mbegin transaction[0m
  ↳ bin/rails:9
  [1m[35m (0.3ms)[0m  [1m[35mALTER TABLE "public_customers" RENAME TO "customers"[0m
  ↳ db/migrate/20210619055149_change_public_customers_to_customers.rb:3
  [1m[35m (0.2ms)[0m  [1m[35mCREATE UNIQUE INDEX "index_customers_on_reset_password_token" ON "customers" ("reset_password_token")[0m
  ↳ db/migrate/20210619055149_change_public_customers_to_customers.rb:3
  [1m[35m (0.1ms)[0m  [1m[35mDROP INDEX "index_public_customers_on_reset_password_token"[0m
  ↳ db/migrate/20210619055149_change_public_customers_to_customers.rb:3
  [1m[35m (0.1ms)[0m  [1m[35mCREATE UNIQUE INDEX "index_customers_on_email" ON "customers" ("email")[0m
  ↳ db/migrate/20210619055149_change_public_customers_to_customers.rb:3
  [1m[35m (0.1ms)[0m  [1m[35mDROP INDEX "index_public_customers_on_email"[0m
  ↳ db/migrate/20210619055149_change_public_customers_to_customers.rb:3
  [1m[36mActiveRecord::SchemaMigration Create (0.1ms)[0m  [1m[32mINSERT INTO "schema_migrations" ("version") VALUES (?)[0m  [["version", "20210619055149"]]
  ↳ bin/rails:9
  [1m[35m (3.7ms)[0m  [1m[36mcommit transaction[0m
  ↳ bin/rails:9
Migrating to RemoveTotalPriceFromOrders (20210623031148)
  [1m[35m (0.0ms)[0m  [1m[36mbegin transaction[0m
  ↳ bin/rails:9
  [1m[35m (0.2ms)[0m  [1m[35mCREATE TEMPORARY TABLE "aorders" ("id" integer NOT NULL PRIMARY KEY, "customer_id" integer DEFAULT NULL, "payment_method" integer DEFAULT 0, "postcode" varchar DEFAULT NULL, "address" varchar DEFAULT NULL, "name" varchar DEFAULT NULL, "postage" integer DEFAULT 800, "total_price" varchar DEFAULT NULL, "status" integer DEFAULT 0, "created_at" datetime NOT NULL, "updated_at" datetime NOT NULL)[0m
  ↳ db/migrate/20210623031148_remove_total_price_from_orders.rb:3
  [1m[35m (0.1ms)[0m  [1m[32mINSERT INTO "aorders" ("id","customer_id","payment_method","postcode","address","name","postage","total_price","status","created_at","updated_at")
                     SELECT "id","customer_id","payment_method","postcode","address","name","postage","total_price","status","created_at","updated_at" FROM "orders"[0m
  ↳ db/migrate/20210623031148_remove_total_price_from_orders.rb:3
  [1m[35m (0.2ms)[0m  [1m[35mDROP TABLE "orders"[0m
  ↳ db/migrate/20210623031148_remove_total_price_from_orders.rb:3
  [1m[35m (0.2ms)[0m  [1m[35mCREATE TABLE "orders" ("id" integer NOT NULL PRIMARY KEY, "customer_id" integer DEFAULT NULL, "payment_method" integer DEFAULT 0, "postcode" varchar DEFAULT NULL, "address" varchar DEFAULT NULL, "name" varchar DEFAULT NULL, "postage" integer DEFAULT 800, "status" integer DEFAULT 0, "created_at" datetime NOT NULL, "updated_at" datetime NOT NULL)[0m
  ↳ db/migrate/20210623031148_remove_total_price_from_orders.rb:3
  [1m[35m (0.1ms)[0m  [1m[32mINSERT INTO "orders" ("id","customer_id","payment_method","postcode","address","name","postage","status","created_at","updated_at")
                     SELECT "id","customer_id","payment_method","postcode","address","name","postage","status","created_at","updated_at" FROM "aorders"[0m
  ↳ db/migrate/20210623031148_remove_total_price_from_orders.rb:3
  [1m[35m (0.2ms)[0m  [1m[35mDROP TABLE "aorders"[0m
  ↳ db/migrate/20210623031148_remove_total_price_from_orders.rb:3
  [1m[36mActiveRecord::SchemaMigration Create (0.1ms)[0m  [1m[32mINSERT INTO "schema_migrations" ("version") VALUES (?)[0m  [["version", "20210623031148"]]
  ↳ bin/rails:9
  [1m[35m (3.6ms)[0m  [1m[36mcommit transaction[0m
  ↳ bin/rails:9
Migrating to AddTotalPriceToOrders (20210623031300)
  [1m[35m (0.0ms)[0m  [1m[36mbegin transaction[0m
  ↳ bin/rails:9
  [1m[35m (0.3ms)[0m  [1m[35mALTER TABLE "orders" ADD "total_price" integer[0m
  ↳ db/migrate/20210623031300_add_total_price_to_orders.rb:3
  [1m[36mActiveRecord::SchemaMigration Create (0.1ms)[0m  [1m[32mINSERT INTO "schema_migrations" ("version") VALUES (?)[0m  [["version", "20210623031300"]]
  ↳ bin/rails:9
  [1m[35m (3.3ms)[0m  [1m[36mcommit transaction[0m
  ↳ bin/rails:9
  [1m[36mActiveRecord::InternalMetadata Load (0.1ms)[0m  [1m[34mSELECT  "ar_internal_metadata".* FROM "ar_internal_metadata" WHERE "ar_internal_metadata"."key" = ? LIMIT ?[0m  [["key", "environment"], ["LIMIT", 1]]
  ↳ bin/rails:9
  [1m[35m (0.0ms)[0m  [1m[36mbegin transaction[0m
  ↳ bin/rails:9
  [1m[36mActiveRecord::InternalMetadata Create (0.2ms)[0m  [1m[32mINSERT INTO "ar_internal_metadata" ("key", "value", "created_at", "updated_at") VALUES (?, ?, ?, ?)[0m  [["key", "environment"], ["value", "development"], ["created_at", "2021-06-27 09:57:22.200431"], ["updated_at", "2021-06-27 09:57:22.200431"]]
  ↳ bin/rails:9
  [1m[35m (4.3ms)[0m  [1m[36mcommit transaction[0m
  ↳ bin/rails:9
  [1m[35m (0.1ms)[0m  [1m[34mSELECT "schema_migrations"."version" FROM "schema_migrations" ORDER BY "schema_migrations"."version" ASC[0m
  ↳ bin/rails:9
  [1m[35m (0.1ms)[0m  [1m[34mSELECT "schema_migrations"."version" FROM "schema_migrations" ORDER BY "schema_migrations"."version" ASC[0m
  ↳ bin/rails:9
  [1m[35m (0.1ms)[0m  [1m[36mbegin transaction[0m
  ↳ db/seeds.rb:9
  [1m[36mAdmin Exists (0.2ms)[0m  [1m[34mSELECT  1 AS one FROM "admins" WHERE "admins"."email" = ? LIMIT ?[0m  [["email", "admin@mail"], ["LIMIT", 1]]
  ↳ db/seeds.rb:9
  [1m[36mAdmin Create (0.3ms)[0m  [1m[32mINSERT INTO "admins" ("email", "encrypted_password", "created_at", "updated_at") VALUES (?, ?, ?, ?)[0m  [["email", "admin@mail"], ["encrypted_password", "$2a$12$gK1HwsIdAplG/TLL1E59vuXZKu09v27Vd2hRL2S5Aeu6tt7d.TVJC"], ["created_at", "2021-06-27 09:57:32.039382"], ["updated_at", "2021-06-27 09:57:32.039382"]]
  ↳ db/seeds.rb:9
  [1m[35m (5.3ms)[0m  [1m[36mcommit transaction[0m
  ↳ db/seeds.rb:9
Started GET "/" for 133.155.79.100 at 2021-06-27 09:57:56 +0000
Cannot render console from 133.155.79.100! Allowed networks: 127.0.0.1, ::1, 127.0.0.0/127.255.255.255
  [1m[35m (0.1ms)[0m  [1m[34mSELECT "schema_migrations"."version" FROM "schema_migrations" ORDER BY "schema_migrations"."version" ASC[0m
  ↳ /home/ec2-user/.rvm/gems/ruby-2.6.3/gems/activerecord-5.2.6/lib/active_record/log_subscriber.rb:98
Processing by Public::ProductsController#top as HTML
  Rendering public/products/top.html.erb within layouts/application
  [1m[36mProduct Load (0.2ms)[0m  [1m[34mSELECT "products".* FROM "products" ORDER BY "products"."created_at" ASC[0m
  ↳ app/views/public/products/_articles.html.erb:2
  Rendered public/products/_articles.html.erb (1.5ms)
  Rendered public/products/top.html.erb within layouts/application (4.6ms)
Started GET "/" for 133.155.79.100 at 2021-06-27 09:57:57 +0000
Cannot render console from 133.155.79.100! Allowed networks: 127.0.0.1, ::1, 127.0.0.0/127.255.255.255
Processing by Public::ProductsController#top as HTML
  Rendering public/products/top.html.erb within layouts/application
  [1m[36mProduct Load (0.1ms)[0m  [1m[34mSELECT "products".* FROM "products" ORDER BY "products"."created_at" ASC[0m
  ↳ app/views/public/products/_articles.html.erb:2
  Rendered public/products/_articles.html.erb (3.5ms)
  Rendered public/products/top.html.erb within layouts/application (4.9ms)
  Rendered layouts/_header.html.erb (4.5ms)
  Rendered layouts/_header.html.erb (2.5ms)
  Rendered layouts/_footer.html.erb (0.2ms)
Completed 200 OK in 18812ms (Views: 18810.0ms | ActiveRecord: 0.1ms)


  Rendered layouts/_footer.html.erb (0.2ms)
Completed 200 OK in 20095ms (Views: 20074.2ms | ActiveRecord: 0.4ms)


  
ActionController::RoutingError (No route matches [GET] "/assets/public/assets/background.jpg"):
  
actionpack (5.2.6) lib/action_dispatch/middleware/debug_exceptions.rb:65:in `call'
web-console (3.7.0) lib/web_console/middleware.rb:135:in `call_app'
web-console (3.7.0) lib/web_console/middleware.rb:22:in `block in call'
web-console (3.7.0) lib/web_console/middleware.rb:20:in `catch'
web-console (3.7.0) lib/web_console/middleware.rb:20:in `call'
actionpack (5.2.6) lib/action_dispatch/middleware/show_exceptions.rb:33:in `call'
railties (5.2.6) lib/rails/rack/logger.rb:38:in `call_app'
railties (5.2.6) lib/rails/rack/logger.rb:26:in `block in call'
activesupport (5.2.6) lib/active_support/tagged_logging.rb:71:in `block in tagged'
activesupport (5.2.6) lib/active_support/tagged_logging.rb:28:in `tagged'
activesupport (5.2.6) lib/active_support/tagged_logging.rb:71:in `tagged'
railties (5.2.6) lib/rails/rack/logger.rb:26:in `call'
sprockets-rails (3.2.2) lib/sprockets/rails/quiet_assets.rb:11:in `block in call'
activesupport (5.2.6) lib/active_support/logger_silence.rb:21:in `silence'
activesupport (5.2.6) lib/active_support/logger.rb:65:in `block (3 levels) in broadcast'
activesupport (5.2.6) lib/active_support/logger_silence.rb:21:in `silence'
activesupport (5.2.6) lib/active_support/logger.rb:63:in `block (2 levels) in broadcast'
sprockets-rails (3.2.2) lib/sprockets/rails/quiet_assets.rb:11:in `call'
actionpack (5.2.6) lib/action_dispatch/middleware/remote_ip.rb:81:in `call'
actionpack (5.2.6) lib/action_dispatch/middleware/request_id.rb:27:in `call'
rack (2.2.3) lib/rack/method_override.rb:24:in `call'
rack (2.2.3) lib/rack/runtime.rb:22:in `call'
activesupport (5.2.6) lib/active_support/cache/strategy/local_cache_middleware.rb:29:in `call'
actionpack (5.2.6) lib/action_dispatch/middleware/executor.rb:14:in `call'
actionpack (5.2.6) lib/action_dispatch/middleware/static.rb:127:in `call'
rack (2.2.3) lib/rack/sendfile.rb:110:in `call'
railties (5.2.6) lib/rails/engine.rb:524:in `call'
puma (3.12.6) lib/puma/configuration.rb:227:in `call'
puma (3.12.6) lib/puma/server.rb:706:in `handle_request'
puma (3.12.6) lib/puma/server.rb:476:in `process_client'
puma (3.12.6) lib/puma/server.rb:334:in `block in run'
puma (3.12.6) lib/puma/thread_pool.rb:135:in `block in spawn_thread'
Started GET "/admins/sign_in" for 133.155.79.100 at 2021-06-27 09:58:31 +0000
Cannot render console from 133.155.79.100! Allowed networks: 127.0.0.1, ::1, 127.0.0.0/127.255.255.255
Processing by Admins::SessionsController#new as HTML
  Rendering admins/sessions/new.html.erb within layouts/application
  Rendered admins/sessions/new.html.erb within layouts/application (24.2ms)
  Rendered layouts/_header.html.erb (2.0ms)
  Rendered layouts/_footer.html.erb (0.2ms)
Completed 200 OK in 100ms (Views: 90.1ms | ActiveRecord: 0.6ms)


Started POST "/admins/sign_in" for 133.155.79.100 at 2021-06-27 09:58:35 +0000
Cannot render console from 133.155.79.100! Allowed networks: 127.0.0.1, ::1, 127.0.0.0/127.255.255.255
Processing by Admins::SessionsController#create as HTML
  Parameters: {"utf8"=>"✓", "authenticity_token"=>"GigpmFbSSHgNy4URVX4y9rv827SFQigfHfKhJ79Fg9ctDpC44JzkhH7Tb+bZr6V2a76+Rkne0qfA2aVRT7EgDA==", "admin"=>{"email"=>"admin@mail", "password"=>"[FILTERED]"}, "commit"=>"　ログイン　"}
  [1m[36mAdmin Load (0.2ms)[0m  [1m[34mSELECT  "admins".* FROM "admins" WHERE "admins"."email" = ? ORDER BY "admins"."id" ASC LIMIT ?[0m  [["email", "admin@mail"], ["LIMIT", 1]]
  ↳ /home/ec2-user/.rvm/gems/ruby-2.6.3/gems/activerecord-5.2.6/lib/active_record/log_subscriber.rb:98
Redirected to https://8c589b1eb76d4693a8c0285b55e82e31.vfs.cloud9.us-east-1.amazonaws.com/admin/orders
Completed 302 Found in 314ms (ActiveRecord: 0.2ms)


Started GET "/admin/orders" for 133.155.79.100 at 2021-06-27 09:58:35 +0000
Cannot render console from 133.155.79.100! Allowed networks: 127.0.0.1, ::1, 127.0.0.0/127.255.255.255
Processing by Admin::OrdersController#top as HTML
  [1m[36mAdmin Load (0.2ms)[0m  [1m[34mSELECT  "admins".* FROM "admins" WHERE "admins"."id" = ? ORDER BY "admins"."id" ASC LIMIT ?[0m  [["id", 1], ["LIMIT", 1]]
  ↳ /home/ec2-user/.rvm/gems/ruby-2.6.3/gems/activerecord-5.2.6/lib/active_record/log_subscriber.rb:98
  Rendering admin/orders/top.html.erb within layouts/application
  [1m[36mOrder Load (0.2ms)[0m  [1m[34mSELECT  "orders".* FROM "orders" LIMIT ? OFFSET ?[0m  [["LIMIT", 10], ["OFFSET", 0]]
  ↳ app/views/admin/orders/top.html.erb:14
  Rendered admin/orders/top.html.erb within layouts/application (4.2ms)
  Rendered layouts/_header.html.erb (2.1ms)
  Rendered layouts/_footer.html.erb (0.2ms)
Completed 200 OK in 60ms (Views: 52.5ms | ActiveRecord: 0.6ms)


Started GET "/admin/products" for 133.155.79.100 at 2021-06-27 09:58:38 +0000
Cannot render console from 133.155.79.100! Allowed networks: 127.0.0.1, ::1, 127.0.0.0/127.255.255.255
Processing by Admin::ProductsController#index as HTML
  [1m[36mAdmin Load (0.1ms)[0m  [1m[34mSELECT  "admins".* FROM "admins" WHERE "admins"."id" = ? ORDER BY "admins"."id" ASC LIMIT ?[0m  [["id", 1], ["LIMIT", 1]]
  ↳ /home/ec2-user/.rvm/gems/ruby-2.6.3/gems/activerecord-5.2.6/lib/active_record/log_subscriber.rb:98
  Rendering admin/products/index.html.erb within layouts/application
  Rendered admin/searchs/_search.html.erb (0.8ms)
  [1m[36mProduct Load (0.2ms)[0m  [1m[34mSELECT  "products".* FROM "products" LIMIT ? OFFSET ?[0m  [["LIMIT", 10], ["OFFSET", 0]]
  ↳ app/views/admin/products/index.html.erb:26
  Rendered admin/products/index.html.erb within layouts/application (5.1ms)
  Rendered layouts/_header.html.erb (2.0ms)
  Rendered layouts/_footer.html.erb (0.2ms)
Completed 200 OK in 72ms (Views: 68.4ms | ActiveRecord: 0.3ms)


Started GET "/admin/products/new" for 133.155.79.100 at 2021-06-27 09:58:39 +0000
Cannot render console from 133.155.79.100! Allowed networks: 127.0.0.1, ::1, 127.0.0.0/127.255.255.255
Processing by Admin::ProductsController#new as HTML
  [1m[36mAdmin Load (0.1ms)[0m  [1m[34mSELECT  "admins".* FROM "admins" WHERE "admins"."id" = ? ORDER BY "admins"."id" ASC LIMIT ?[0m  [["id", 1], ["LIMIT", 1]]
  ↳ /home/ec2-user/.rvm/gems/ruby-2.6.3/gems/activerecord-5.2.6/lib/active_record/log_subscriber.rb:98
  Rendering admin/products/new.html.erb within layouts/application
  [1m[36mGenre Load (0.2ms)[0m  [1m[34mSELECT "genres".* FROM "genres"[0m
  ↳ app/views/admin/products/new.html.erb:20
  Rendered admin/products/new.html.erb within layouts/application (73.8ms)
  Rendered layouts/_header.html.erb (4.2ms)
  Rendered layouts/_footer.html.erb (0.6ms)
Completed 200 OK in 162ms (Views: 151.5ms | ActiveRecord: 0.8ms)


Started GET "/admin/genres" for 133.155.79.100 at 2021-06-27 09:59:07 +0000
Cannot render console from 133.155.79.100! Allowed networks: 127.0.0.1, ::1, 127.0.0.0/127.255.255.255
Processing by Admin::GenresController#index as HTML
  [1m[36mAdmin Load (0.1ms)[0m  [1m[34mSELECT  "admins".* FROM "admins" WHERE "admins"."id" = ? ORDER BY "admins"."id" ASC LIMIT ?[0m  [["id", 1], ["LIMIT", 1]]
  ↳ /home/ec2-user/.rvm/gems/ruby-2.6.3/gems/activerecord-5.2.6/lib/active_record/log_subscriber.rb:98
  Rendering admin/genres/index.html.erb within layouts/application
  [1m[36mGenre Load (0.2ms)[0m  [1m[34mSELECT  "genres".* FROM "genres" ORDER BY created_at DESC LIMIT ? OFFSET ?[0m  [["LIMIT", 7], ["OFFSET", 0]]
  ↳ app/views/admin/genres/index.html.erb:20
  Rendered admin/genres/index.html.erb within layouts/application (7.2ms)
  Rendered layouts/_header.html.erb (2.0ms)
  Rendered layouts/_footer.html.erb (0.2ms)
Completed 200 OK in 125ms (Views: 112.3ms | ActiveRecord: 0.6ms)


Started POST "/admin/genres" for 133.155.79.100 at 2021-06-27 09:59:10 +0000
Cannot render console from 133.155.79.100! Allowed networks: 127.0.0.1, ::1, 127.0.0.0/127.255.255.255
Processing by Admin::GenresController#create as HTML
  Parameters: {"utf8"=>"✓", "authenticity_token"=>"SIplcCLgY8TYBfspfel2wUiqYmKts5D/8Gl2+zit/D7xrFr99hKGNb1021RMHmTdjtieqDQKgxhu1Z9/Ej/DVA==", "genre"=>{"name"=>"焼き菓子"}, "commit"=>"新規登録"}
  [1m[36mAdmin Load (0.1ms)[0m  [1m[34mSELECT  "admins".* FROM "admins" WHERE "admins"."id" = ? ORDER BY "admins"."id" ASC LIMIT ?[0m  [["id", 1], ["LIMIT", 1]]
  ↳ /home/ec2-user/.rvm/gems/ruby-2.6.3/gems/activerecord-5.2.6/lib/active_record/log_subscriber.rb:98
  [1m[35m (0.1ms)[0m  [1m[36mbegin transaction[0m
  ↳ app/controllers/admin/genres_controller.rb:11
  [1m[36mGenre Create (0.3ms)[0m  [1m[32mINSERT INTO "genres" ("name", "created_at", "updated_at") VALUES (?, ?, ?)[0m  [["name", "焼き菓子"], ["created_at", "2021-06-27 09:59:10.430987"], ["updated_at", "2021-06-27 09:59:10.430987"]]
  ↳ app/controllers/admin/genres_controller.rb:11
  [1m[35m (4.5ms)[0m  [1m[36mcommit transaction[0m
  ↳ app/controllers/admin/genres_controller.rb:11
Redirected to https://8c589b1eb76d4693a8c0285b55e82e31.vfs.cloud9.us-east-1.amazonaws.com/admin/genres
Completed 302 Found in 12ms (ActiveRecord: 5.0ms)


Started GET "/admin/genres" for 133.155.79.100 at 2021-06-27 09:59:10 +0000
Cannot render console from 133.155.79.100! Allowed networks: 127.0.0.1, ::1, 127.0.0.0/127.255.255.255
Processing by Admin::GenresController#index as HTML
  [1m[36mAdmin Load (0.1ms)[0m  [1m[34mSELECT  "admins".* FROM "admins" WHERE "admins"."id" = ? ORDER BY "admins"."id" ASC LIMIT ?[0m  [["id", 1], ["LIMIT", 1]]
  ↳ /home/ec2-user/.rvm/gems/ruby-2.6.3/gems/activerecord-5.2.6/lib/active_record/log_subscriber.rb:98
  Rendering admin/genres/index.html.erb within layouts/application
  [1m[36mGenre Load (0.2ms)[0m  [1m[34mSELECT  "genres".* FROM "genres" ORDER BY created_at DESC LIMIT ? OFFSET ?[0m  [["LIMIT", 7], ["OFFSET", 0]]
  ↳ app/views/admin/genres/index.html.erb:20
  Rendered admin/genres/index.html.erb within layouts/application (3.5ms)
  Rendered layouts/_header.html.erb (2.0ms)
  Rendered layouts/_footer.html.erb (0.3ms)
Completed 200 OK in 54ms (Views: 51.5ms | ActiveRecord: 0.3ms)


Started POST "/admin/genres" for 133.155.79.100 at 2021-06-27 09:59:15 +0000
Cannot render console from 133.155.79.100! Allowed networks: 127.0.0.1, ::1, 127.0.0.0/127.255.255.255
Processing by Admin::GenresController#create as HTML
  Parameters: {"utf8"=>"✓", "authenticity_token"=>"cjUtgw/85l+z8aFQF9H6ZhAf7j2+t108PtRJc75LTEW1hCjySi+Lm3BrHvzOPVMJVWVO41qVY1dBts2gAYwx6g==", "genre"=>{"name"=>""}, "commit"=>"新規登録"}
  [1m[36mAdmin Load (0.1ms)[0m  [1m[34mSELECT  "admins".* FROM "admins" WHERE "admins"."id" = ? ORDER BY "admins"."id" ASC LIMIT ?[0m  [["id", 1], ["LIMIT", 1]]
  ↳ /home/ec2-user/.rvm/gems/ruby-2.6.3/gems/activerecord-5.2.6/lib/active_record/log_subscriber.rb:98
  [1m[35m (0.1ms)[0m  [1m[36mbegin transaction[0m
  ↳ app/controllers/admin/genres_controller.rb:11
  [1m[35m (0.0ms)[0m  [1m[31mrollback transaction[0m
  ↳ app/controllers/admin/genres_controller.rb:11
  Rendering admin/genres/index.html.erb within layouts/application
  [1m[36mGenre Load (0.2ms)[0m  [1m[34mSELECT  "genres".* FROM "genres" ORDER BY created_at DESC LIMIT ? OFFSET ?[0m  [["LIMIT", 7], ["OFFSET", 0]]
  ↳ app/views/admin/genres/index.html.erb:20
  Rendered admin/genres/index.html.erb within layouts/application (3.5ms)
  Rendered layouts/_header.html.erb (2.0ms)
  Rendered layouts/_footer.html.erb (0.2ms)
Completed 200 OK in 57ms (Views: 52.1ms | ActiveRecord: 0.4ms)


Started GET "/admin/orders" for 133.155.79.100 at 2021-06-27 09:59:17 +0000
Cannot render console from 133.155.79.100! Allowed networks: 127.0.0.1, ::1, 127.0.0.0/127.255.255.255
Processing by Admin::OrdersController#top as HTML
  [1m[36mAdmin Load (0.1ms)[0m  [1m[34mSELECT  "admins".* FROM "admins" WHERE "admins"."id" = ? ORDER BY "admins"."id" ASC LIMIT ?[0m  [["id", 1], ["LIMIT", 1]]
  ↳ /home/ec2-user/.rvm/gems/ruby-2.6.3/gems/activerecord-5.2.6/lib/active_record/log_subscriber.rb:98
  Rendering admin/orders/top.html.erb within layouts/application
  [1m[36mOrder Load (0.1ms)[0m  [1m[34mSELECT  "orders".* FROM "orders" LIMIT ? OFFSET ?[0m  [["LIMIT", 10], ["OFFSET", 0]]
  ↳ app/views/admin/orders/top.html.erb:14
  Rendered admin/orders/top.html.erb within layouts/application (2.6ms)
  Rendered layouts/_header.html.erb (2.0ms)
  Rendered layouts/_footer.html.erb (0.2ms)
Completed 200 OK in 53ms (Views: 49.6ms | ActiveRecord: 0.2ms)


Started GET "/admin/products" for 133.155.79.100 at 2021-06-27 09:59:28 +0000
Cannot render console from 133.155.79.100! Allowed networks: 127.0.0.1, ::1, 127.0.0.0/127.255.255.255
  [1m[35m (0.1ms)[0m  [1m[34mSELECT "schema_migrations"."version" FROM "schema_migrations" ORDER BY "schema_migrations"."version" ASC[0m
  ↳ /home/ec2-user/.rvm/gems/ruby-2.6.3/gems/activerecord-5.2.6/lib/active_record/log_subscriber.rb:98
Processing by Admin::ProductsController#index as HTML
  [1m[36mAdmin Load (0.2ms)[0m  [1m[34mSELECT  "admins".* FROM "admins" WHERE "admins"."id" = ? ORDER BY "admins"."id" ASC LIMIT ?[0m  [["id", 1], ["LIMIT", 1]]
  ↳ /home/ec2-user/.rvm/gems/ruby-2.6.3/gems/activerecord-5.2.6/lib/active_record/log_subscriber.rb:98
  Rendering admin/products/index.html.erb within layouts/application
  Rendered admin/searchs/_search.html.erb (2.3ms)
  [1m[36mProduct Load (0.2ms)[0m  [1m[34mSELECT  "products".* FROM "products" LIMIT ? OFFSET ?[0m  [["LIMIT", 10], ["OFFSET", 0]]
  ↳ app/views/admin/products/index.html.erb:26
  Rendered admin/products/index.html.erb within layouts/application (7.0ms)
  Rendered layouts/_header.html.erb (4.2ms)
  Rendered layouts/_footer.html.erb (0.3ms)
Completed 200 OK in 337ms (Views: 315.0ms | ActiveRecord: 1.2ms)


Started GET "/admin/products/new" for 133.155.79.100 at 2021-06-27 09:59:31 +0000
Cannot render console from 133.155.79.100! Allowed networks: 127.0.0.1, ::1, 127.0.0.0/127.255.255.255
Processing by Admin::ProductsController#new as HTML
  [1m[36mAdmin Load (0.1ms)[0m  [1m[34mSELECT  "admins".* FROM "admins" WHERE "admins"."id" = ? ORDER BY "admins"."id" ASC LIMIT ?[0m  [["id", 1], ["LIMIT", 1]]
  ↳ /home/ec2-user/.rvm/gems/ruby-2.6.3/gems/activerecord-5.2.6/lib/active_record/log_subscriber.rb:98
  Rendering admin/products/new.html.erb within layouts/application
  [1m[36mGenre Load (0.1ms)[0m  [1m[34mSELECT "genres".* FROM "genres"[0m
  ↳ app/views/admin/products/new.html.erb:20
  Rendered admin/products/new.html.erb within layouts/application (84.7ms)
  Rendered layouts/_header.html.erb (1.9ms)
  Rendered layouts/_footer.html.erb (0.2ms)
Completed 200 OK in 142ms (Views: 131.1ms | ActiveRecord: 1.0ms)


Started POST "/admin/products" for 133.155.79.100 at 2021-06-27 09:59:32 +0000
Cannot render console from 133.155.79.100! Allowed networks: 127.0.0.1, ::1, 127.0.0.0/127.255.255.255
Processing by Admin::ProductsController#create as HTML
  Parameters: {"utf8"=>"✓", "authenticity_token"=>"cwN6DxKaIsKMtYYinC5UpRReC2XkPzzT2VKOXCFwxenlsUjNDnug485QgZuwEAuWZlFnxSBe5g27DyU6deGaog==", "product"=>{"image"=>"{}", "name"=>"", "description"=>"", "genre_id"=>"", "price"=>"", "status"=>"true"}, "commit"=>"新規登録"}
  [1m[36mAdmin Load (0.1ms)[0m  [1m[34mSELECT  "admins".* FROM "admins" WHERE "admins"."id" = ? ORDER BY "admins"."id" ASC LIMIT ?[0m  [["id", 1], ["LIMIT", 1]]
  ↳ /home/ec2-user/.rvm/gems/ruby-2.6.3/gems/activerecord-5.2.6/lib/active_record/log_subscriber.rb:98
  [1m[35m (0.1ms)[0m  [1m[36mbegin transaction[0m
  ↳ app/controllers/admin/products_controller.rb:21
  [1m[35m (0.1ms)[0m  [1m[31mrollback transaction[0m
  ↳ app/controllers/admin/products_controller.rb:21
  Rendering admin/products/new.html.erb within layouts/application
  [1m[36mGenre Load (0.1ms)[0m  [1m[34mSELECT "genres".* FROM "genres"[0m
  ↳ app/views/admin/products/new.html.erb:20
  Rendered admin/products/new.html.erb within layouts/application (3.2ms)
  Rendered layouts/_header.html.erb (17.8ms)
  Rendered layouts/_footer.html.erb (0.3ms)
Completed 200 OK in 80ms (Views: 66.2ms | ActiveRecord: 0.3ms)


Started GET "/admin/products" for 133.155.79.100 at 2021-06-27 09:59:35 +0000
Cannot render console from 133.155.79.100! Allowed networks: 127.0.0.1, ::1, 127.0.0.0/127.255.255.255
Processing by Admin::ProductsController#index as HTML
  [1m[36mAdmin Load (0.1ms)[0m  [1m[34mSELECT  "admins".* FROM "admins" WHERE "admins"."id" = ? ORDER BY "admins"."id" ASC LIMIT ?[0m  [["id", 1], ["LIMIT", 1]]
  ↳ /home/ec2-user/.rvm/gems/ruby-2.6.3/gems/activerecord-5.2.6/lib/active_record/log_subscriber.rb:98
  Rendering admin/products/index.html.erb within layouts/application
  Rendered admin/searchs/_search.html.erb (0.8ms)
  [1m[36mProduct Load (0.1ms)[0m  [1m[34mSELECT  "products".* FROM "products" LIMIT ? OFFSET ?[0m  [["LIMIT", 10], ["OFFSET", 0]]
  ↳ app/views/admin/products/index.html.erb:26
  Rendered admin/products/index.html.erb within layouts/application (4.3ms)
  Rendered layouts/_header.html.erb (1.9ms)
  Rendered layouts/_footer.html.erb (0.2ms)
Completed 200 OK in 53ms (Views: 50.0ms | ActiveRecord: 0.2ms)


